<?xml version="1.0" encoding="UTF-8"?>
<testsuite name="Academy Choucair" tests="1" skipped="0" failures="0" errors="0" timestamp="2021-09-03T20:03:34" hostname="STEVEN-PC" time="23.111">
  <properties/>
  <testcase name="Search for a automation course" classname="Academy Choucair" time="23.111"/>
  <system-out><![CDATA[]]></system-out>
  <system-err><![CDATA[[Test worker] WARN net.thucydides.core.steps.BaseStepListener - stepStarted: net.thucydides.core.steps.ExecutedStepDescription@2d21e938
[Test worker] WARN net.thucydides.core.steps.BaseStepListener - stepStarted: net.thucydides.core.steps.ExecutedStepDescription@71c75d31
[Test worker] WARN net.thucydides.core.steps.BaseStepListener - stepStarted: net.thucydides.core.steps.ExecutedStepDescription@705d290a
Sep 03, 2021 3:03:35 PM org.openqa.selenium.remote.DesiredCapabilities chrome
INFO: Using `new ChromeOptions()` is preferred to `DesiredCapabilities.chrome()`
[Test worker] INFO net.serenitybdd.core.webdriver.driverproviders.ProvideNewDriver - Instantiating driver
[Test worker] INFO net.serenitybdd.core.webdriver.driverproviders.ProvideNewDriver - Driver capabilities: Capabilities {acceptInsecureCerts: false, browserName: chrome, chrome.switches: --start-maximized, goog:chromeOptions: {args: [--start-maximized], extensions: []}, loggingPrefs: org.openqa.selenium.logging..., platform: ANY, version: }
Starting ChromeDriver 93.0.4577.15 (660fc11082ba57405eca2e8c49c3e1af756fbfae-refs/branch-heads/4577@{#203}) on port 5387
Only local connections are allowed.
Please see https://chromedriver.chromium.org/security-considerations for suggestions on keeping ChromeDriver safe.
ChromeDriver was started successfully.
Sep 03, 2021 3:03:37 PM org.openqa.selenium.remote.ProtocolHandshake createSession
INFO: Detected dialect: W3C
[Test worker] WARN net.thucydides.core.steps.BaseStepListener - stepFinished: current outcome:Search for a automation course:Given than Jeff wants to learn automation course at the Choucair Academy [Jeff open up [Jeff opens the Choucair academy page]]
[Test worker] WARN net.thucydides.core.steps.BaseStepListener - stepFinished: current outcome:Search for a automation course:Given than Jeff wants to learn automation course at the Choucair Academy [Jeff open up [Jeff opens the Choucair academy page]]
[Test worker] WARN net.thucydides.core.steps.BaseStepListener - stepStarted: net.thucydides.core.steps.ExecutedStepDescription@20332d35
[Test worker] WARN net.thucydides.core.steps.BaseStepListener - stepStarted: net.thucydides.core.steps.ExecutedStepDescription@33ea866
[Test worker] WARN net.thucydides.core.steps.BaseStepListener - stepFinished: current outcome:Search for a automation course:Given than Jeff wants to learn automation course at the Choucair Academy [Jeff open up [Jeff opens the Choucair academy page], Jeff login [Jeff clicks on button that shows us the form to login]]
[Test worker] WARN net.thucydides.core.steps.BaseStepListener - stepStarted: net.thucydides.core.steps.ExecutedStepDescription@717b6973
[Test worker] WARN net.thucydides.core.steps.BaseStepListener - stepFinished: current outcome:Search for a automation course:Given than Jeff wants to learn automation course at the Choucair Academy [Jeff open up [Jeff opens the Choucair academy page], Jeff login [Jeff clicks on button that shows us the form to login, Jeff enters '1152713076' into where do we write the user]]
[Test worker] WARN net.thucydides.core.steps.BaseStepListener - stepStarted: net.thucydides.core.steps.ExecutedStepDescription@253a18cd
[Test worker] WARN net.thucydides.core.steps.BaseStepListener - stepFinished: current outcome:Search for a automation course:Given than Jeff wants to learn automation course at the Choucair Academy [Jeff open up [Jeff opens the Choucair academy page], Jeff login [Jeff clicks on button that shows us the form to login, Jeff enters '1152713076' into where do we write the user, Jeff enters 'Choucair2021*' into where do we write the password]]
[Test worker] WARN net.thucydides.core.steps.BaseStepListener - stepStarted: net.thucydides.core.steps.ExecutedStepDescription@7b7424d
[Test worker] WARN net.thucydides.core.steps.BaseStepListener - stepFinished: current outcome:Search for a automation course:Given than Jeff wants to learn automation course at the Choucair Academy [Jeff open up [Jeff opens the Choucair academy page], Jeff login [Jeff clicks on button that shows us the form to login, Jeff enters '1152713076' into where do we write the user, Jeff enters 'Choucair2021*' into where do we write the password, Jeff clicks on button to comfirm login]]
[Test worker] WARN net.thucydides.core.steps.BaseStepListener - stepFinished: current outcome:Search for a automation course:Given than Jeff wants to learn automation course at the Choucair Academy [Jeff open up [Jeff opens the Choucair academy page], Jeff login [Jeff clicks on button that shows us the form to login, Jeff enters '1152713076' into where do we write the user, Jeff enters 'Choucair2021*' into where do we write the password, Jeff clicks on button to comfirm login]]
[Test worker] WARN net.thucydides.core.steps.BaseStepListener - stepFinished: current outcome:Search for a automation course:Given than Jeff wants to learn automation course at the Choucair Academy [Jeff open up [Jeff opens the Choucair academy page], Jeff login [Jeff clicks on button that shows us the form to login, Jeff enters '1152713076' into where do we write the user, Jeff enters 'Choucair2021*' into where do we write the password, Jeff clicks on button to comfirm login]]
[Test worker] WARN net.thucydides.core.steps.BaseStepListener - stepStarted: net.thucydides.core.steps.ExecutedStepDescription@3a8a9b7d
[Test worker] WARN net.thucydides.core.steps.BaseStepListener - stepStarted: net.thucydides.core.steps.ExecutedStepDescription@1fd400b9
[Test worker] WARN net.thucydides.core.steps.BaseStepListener - stepStarted: net.thucydides.core.steps.ExecutedStepDescription@7ac53c70
[Test worker] WARN net.thucydides.core.steps.BaseStepListener - stepFinished: current outcome:Search for a automation course:Given than Jeff wants to learn automation course at the Choucair Academy [Jeff open up [Jeff opens the Choucair academy page], Jeff login [Jeff clicks on button that shows us the form to login, Jeff enters '1152713076' into where do we write the user, Jeff enters 'Choucair2021*' into where do we write the password, Jeff clicks on button to comfirm login]], When he searches for the course Recursos Automatización Bancolombia on the Choucair Academy platform [Jeff search [Jeff clicks on Selecciona la Universidad choucair]]
[Test worker] WARN net.thucydides.core.steps.BaseStepListener - stepStarted: net.thucydides.core.steps.ExecutedStepDescription@6529d1e2
[Test worker] WARN net.thucydides.core.steps.BaseStepListener - stepFinished: current outcome:Search for a automation course:Given than Jeff wants to learn automation course at the Choucair Academy [Jeff open up [Jeff opens the Choucair academy page], Jeff login [Jeff clicks on button that shows us the form to login, Jeff enters '1152713076' into where do we write the user, Jeff enters 'Choucair2021*' into where do we write the password, Jeff clicks on button to comfirm login]], When he searches for the course Recursos Automatización Bancolombia on the Choucair Academy platform [Jeff search [Jeff clicks on Selecciona la Universidad choucair, Jeff enters 'Recursos Automatización Bancolombia' into Buscar el curso]]
[Test worker] WARN net.thucydides.core.steps.BaseStepListener - stepStarted: net.thucydides.core.steps.ExecutedStepDescription@5efad324
[Test worker] WARN net.thucydides.core.steps.BaseStepListener - stepFinished: current outcome:Search for a automation course:Given than Jeff wants to learn automation course at the Choucair Academy [Jeff open up [Jeff opens the Choucair academy page], Jeff login [Jeff clicks on button that shows us the form to login, Jeff enters '1152713076' into where do we write the user, Jeff enters 'Choucair2021*' into where do we write the password, Jeff clicks on button to comfirm login]], When he searches for the course Recursos Automatización Bancolombia on the Choucair Academy platform [Jeff search [Jeff clicks on Selecciona la Universidad choucair, Jeff enters 'Recursos Automatización Bancolombia' into Buscar el curso, Jeff clicks on Da click para buscar el curso]]
[Test worker] WARN net.thucydides.core.steps.BaseStepListener - stepStarted: net.thucydides.core.steps.ExecutedStepDescription@4cb63b9d
[Test worker] WARN net.thucydides.core.steps.BaseStepListener - stepFinished: current outcome:Search for a automation course:Given than Jeff wants to learn automation course at the Choucair Academy [Jeff open up [Jeff opens the Choucair academy page], Jeff login [Jeff clicks on button that shows us the form to login, Jeff enters '1152713076' into where do we write the user, Jeff enters 'Choucair2021*' into where do we write the password, Jeff clicks on button to comfirm login]], When he searches for the course Recursos Automatización Bancolombia on the Choucair Academy platform [Jeff search [Jeff clicks on Selecciona la Universidad choucair, Jeff enters 'Recursos Automatización Bancolombia' into Buscar el curso, Jeff clicks on Da click para buscar el curso, Jeff clicks on Da click para ingresar al curso]]
[Test worker] WARN net.thucydides.core.steps.BaseStepListener - stepFinished: current outcome:Search for a automation course:Given than Jeff wants to learn automation course at the Choucair Academy [Jeff open up [Jeff opens the Choucair academy page], Jeff login [Jeff clicks on button that shows us the form to login, Jeff enters '1152713076' into where do we write the user, Jeff enters 'Choucair2021*' into where do we write the password, Jeff clicks on button to comfirm login]], When he searches for the course Recursos Automatización Bancolombia on the Choucair Academy platform [Jeff search [Jeff clicks on Selecciona la Universidad choucair, Jeff enters 'Recursos Automatización Bancolombia' into Buscar el curso, Jeff clicks on Da click para buscar el curso, Jeff clicks on Da click para ingresar al curso]]
[Test worker] WARN net.thucydides.core.steps.BaseStepListener - stepFinished: current outcome:Search for a automation course:Given than Jeff wants to learn automation course at the Choucair Academy [Jeff open up [Jeff opens the Choucair academy page], Jeff login [Jeff clicks on button that shows us the form to login, Jeff enters '1152713076' into where do we write the user, Jeff enters 'Choucair2021*' into where do we write the password, Jeff clicks on button to comfirm login]], When he searches for the course Recursos Automatización Bancolombia on the Choucair Academy platform [Jeff search [Jeff clicks on Selecciona la Universidad choucair, Jeff enters 'Recursos Automatización Bancolombia' into Buscar el curso, Jeff clicks on Da click para buscar el curso, Jeff clicks on Da click para ingresar al curso]]
[Test worker] WARN net.thucydides.core.steps.BaseStepListener - stepStarted: net.thucydides.core.steps.ExecutedStepDescription@2893b05
[Test worker] WARN net.thucydides.core.steps.BaseStepListener - stepFinished: current outcome:Search for a automation course:Given than Jeff wants to learn automation course at the Choucair Academy [Jeff open up [Jeff opens the Choucair academy page], Jeff login [Jeff clicks on button that shows us the form to login, Jeff enters '1152713076' into where do we write the user, Jeff enters 'Choucair2021*' into where do we write the password, Jeff clicks on button to comfirm login]], When he searches for the course Recursos Automatización Bancolombia on the Choucair Academy platform [Jeff search [Jeff clicks on Selecciona la Universidad choucair, Jeff enters 'Recursos Automatización Bancolombia' into Buscar el curso, Jeff clicks on Da click para buscar el curso, Jeff clicks on Da click para ingresar al curso]], Then he finds the course called resources Recursos Automatizacion Bancolombia
[Test worker] WARN net.thucydides.core.steps.BaseStepListener - testFinished: Search for a automation course:Given than Jeff wants to learn automation course at the Choucair Academy [Jeff open up [Jeff opens the Choucair academy page], Jeff login [Jeff clicks on button that shows us the form to login, Jeff enters '1152713076' into where do we write the user, Jeff enters 'Choucair2021*' into where do we write the password, Jeff clicks on button to comfirm login]], When he searches for the course Recursos Automatización Bancolombia on the Choucair Academy platform [Jeff search [Jeff clicks on Selecciona la Universidad choucair, Jeff enters 'Recursos Automatización Bancolombia' into Buscar el curso, Jeff clicks on Da click para buscar el curso, Jeff clicks on Da click para ingresar al curso]], Then he finds the course called resources Recursos Automatizacion Bancolombia
[Test worker] WARN net.thucydides.core.steps.BaseStepListener - TestOutcomes: [Search for a automation course:Given than Jeff wants to learn automation course at the Choucair Academy [Jeff open up [Jeff opens the Choucair academy page], Jeff login [Jeff clicks on button that shows us the form to login, Jeff enters '1152713076' into where do we write the user, Jeff enters 'Choucair2021*' into where do we write the password, Jeff clicks on button to comfirm login]], When he searches for the course Recursos Automatización Bancolombia on the Choucair Academy platform [Jeff search [Jeff clicks on Selecciona la Universidad choucair, Jeff enters 'Recursos Automatización Bancolombia' into Buscar el curso, Jeff clicks on Da click para buscar el curso, Jeff clicks on Da click para ingresar al curso]], Then he finds the course called resources Recursos Automatizacion Bancolombia]
[Test worker] WARN net.thucydides.core.steps.BaseStepListener - Final testOutcomes: [Search for a automation course:Given than Jeff wants to learn automation course at the Choucair Academy [Jeff open up [Jeff opens the Choucair academy page], Jeff login [Jeff clicks on button that shows us the form to login, Jeff enters '1152713076' into where do we write the user, Jeff enters 'Choucair2021*' into where do we write the password, Jeff clicks on button to comfirm login]], When he searches for the course Recursos Automatización Bancolombia on the Choucair Academy platform [Jeff search [Jeff clicks on Selecciona la Universidad choucair, Jeff enters 'Recursos Automatización Bancolombia' into Buscar el curso, Jeff clicks on Da click para buscar el curso, Jeff clicks on Da click para ingresar al curso]], Then he finds the course called resources Recursos Automatizacion Bancolombia]
[Test worker] INFO net.thucydides.core.steps.ConsoleLoggingListener - 
        __    _____ _____ ____ _____   ____   _    ____  ____  _____ ____  
  _     \ \  |_   _| ____/ ___|_   _| |  _ \ / \  / ___|/ ___|| ____|  _ \ 
 (_)_____| |   | | |  _| \___ \ | |   | |_) / _ \ \___ \\___ \|  _| | | | |
  _|_____| |   | | | |___ ___) || |   |  __/ ___ \ ___) |___) | |___| |_| |
 (_)     | |   |_| |_____|____/ |_|   |_| /_/   \_\____/|____/|_____|____/ 
        /_/                                                                

TEST PASSED: Search for a automation course
----------------------------------------------------------------------------
]]></system-err>
</testsuite>
