<?xml version="1.0" encoding="UTF-8"?>
<testsuite name="Academy Choucair" tests="1" skipped="0" failures="0" errors="0" timestamp="2021-09-03T23:49:03" hostname="STEVEN-PC" time="23.198">
  <properties/>
  <testcase name="Search for a automation course" classname="Academy Choucair" time="23.198"/>
  <system-out><![CDATA[]]></system-out>
  <system-err><![CDATA[[Test worker] WARN net.thucydides.core.steps.BaseStepListener - stepStarted: net.thucydides.core.steps.ExecutedStepDescription@7a5e5c60
[Test worker] WARN net.thucydides.core.steps.BaseStepListener - stepStarted: net.thucydides.core.steps.ExecutedStepDescription@54c40f47
[Test worker] WARN net.thucydides.core.steps.BaseStepListener - stepStarted: net.thucydides.core.steps.ExecutedStepDescription@3ea622a
Sep 03, 2021 6:49:03 PM org.openqa.selenium.remote.DesiredCapabilities chrome
INFO: Using `new ChromeOptions()` is preferred to `DesiredCapabilities.chrome()`
[Test worker] INFO net.serenitybdd.core.webdriver.driverproviders.ProvideNewDriver - Instantiating driver
[Test worker] INFO net.serenitybdd.core.webdriver.driverproviders.ProvideNewDriver - Driver capabilities: Capabilities {acceptInsecureCerts: false, browserName: chrome, chrome.switches: --start-maximized, goog:chromeOptions: {args: [--start-maximized], extensions: []}, loggingPrefs: org.openqa.selenium.logging..., platform: ANY, version: }
Starting ChromeDriver 93.0.4577.15 (660fc11082ba57405eca2e8c49c3e1af756fbfae-refs/branch-heads/4577@{#203}) on port 25280
Only local connections are allowed.
Please see https://chromedriver.chromium.org/security-considerations for suggestions on keeping ChromeDriver safe.
ChromeDriver was started successfully.
Sep 03, 2021 6:49:05 PM org.openqa.selenium.remote.ProtocolHandshake createSession
INFO: Detected dialect: W3C
[Test worker] WARN net.thucydides.core.steps.BaseStepListener - stepFinished: current outcome:Search for a automation course:Given than jeff wants to learn automation at the academy Choucair
| strUser | strPassword |
| 1152713076 | Choucair2021* | [Jeff open up [Jeff opens the Choucair academy page]]
[Test worker] WARN net.thucydides.core.steps.BaseStepListener - stepFinished: current outcome:Search for a automation course:Given than jeff wants to learn automation at the academy Choucair
| strUser | strPassword |
| 1152713076 | Choucair2021* | [Jeff open up [Jeff opens the Choucair academy page]]
[Test worker] WARN net.thucydides.core.steps.BaseStepListener - stepStarted: net.thucydides.core.steps.ExecutedStepDescription@d89317c
[Test worker] WARN net.thucydides.core.steps.BaseStepListener - stepStarted: net.thucydides.core.steps.ExecutedStepDescription@4cc2bfe9
[Test worker] WARN net.thucydides.core.steps.BaseStepListener - stepFinished: current outcome:Search for a automation course:Given than jeff wants to learn automation at the academy Choucair
| strUser | strPassword |
| 1152713076 | Choucair2021* | [Jeff open up [Jeff opens the Choucair academy page], Jeff login [Jeff clicks on button that shows us the form to login]]
[Test worker] WARN net.thucydides.core.steps.BaseStepListener - stepStarted: net.thucydides.core.steps.ExecutedStepDescription@4ff73e35
[Test worker] WARN net.thucydides.core.steps.BaseStepListener - stepFinished: current outcome:Search for a automation course:Given than jeff wants to learn automation at the academy Choucair
| strUser | strPassword |
| 1152713076 | Choucair2021* | [Jeff open up [Jeff opens the Choucair academy page], Jeff login [Jeff clicks on button that shows us the form to login, Jeff enters '1152713076' into where do we write the user]]
[Test worker] WARN net.thucydides.core.steps.BaseStepListener - stepStarted: net.thucydides.core.steps.ExecutedStepDescription@756633e1
[Test worker] WARN net.thucydides.core.steps.BaseStepListener - stepFinished: current outcome:Search for a automation course:Given than jeff wants to learn automation at the academy Choucair
| strUser | strPassword |
| 1152713076 | Choucair2021* | [Jeff open up [Jeff opens the Choucair academy page], Jeff login [Jeff clicks on button that shows us the form to login, Jeff enters '1152713076' into where do we write the user, Jeff enters 'Choucair2021*' into where do we write the password]]
[Test worker] WARN net.thucydides.core.steps.BaseStepListener - stepStarted: net.thucydides.core.steps.ExecutedStepDescription@520b389
[Test worker] WARN net.thucydides.core.steps.BaseStepListener - stepFinished: current outcome:Search for a automation course:Given than jeff wants to learn automation at the academy Choucair
| strUser | strPassword |
| 1152713076 | Choucair2021* | [Jeff open up [Jeff opens the Choucair academy page], Jeff login [Jeff clicks on button that shows us the form to login, Jeff enters '1152713076' into where do we write the user, Jeff enters 'Choucair2021*' into where do we write the password, Jeff clicks on button to comfirm login]]
[Test worker] WARN net.thucydides.core.steps.BaseStepListener - stepFinished: current outcome:Search for a automation course:Given than jeff wants to learn automation at the academy Choucair
| strUser | strPassword |
| 1152713076 | Choucair2021* | [Jeff open up [Jeff opens the Choucair academy page], Jeff login [Jeff clicks on button that shows us the form to login, Jeff enters '1152713076' into where do we write the user, Jeff enters 'Choucair2021*' into where do we write the password, Jeff clicks on button to comfirm login]]
[Test worker] WARN net.thucydides.core.steps.BaseStepListener - stepFinished: current outcome:Search for a automation course:Given than jeff wants to learn automation at the academy Choucair
| strUser | strPassword |
| 1152713076 | Choucair2021* | [Jeff open up [Jeff opens the Choucair academy page], Jeff login [Jeff clicks on button that shows us the form to login, Jeff enters '1152713076' into where do we write the user, Jeff enters 'Choucair2021*' into where do we write the password, Jeff clicks on button to comfirm login]]
[Test worker] WARN net.thucydides.core.steps.BaseStepListener - stepStarted: net.thucydides.core.steps.ExecutedStepDescription@7554d75
[Test worker] WARN net.thucydides.core.steps.BaseStepListener - stepStarted: net.thucydides.core.steps.ExecutedStepDescription@371d3a3c
[Test worker] WARN net.thucydides.core.steps.BaseStepListener - stepStarted: net.thucydides.core.steps.ExecutedStepDescription@45a7ae65
[Test worker] WARN net.thucydides.core.steps.BaseStepListener - stepFinished: current outcome:Search for a automation course:Given than jeff wants to learn automation at the academy Choucair
| strUser | strPassword |
| 1152713076 | Choucair2021* | [Jeff open up [Jeff opens the Choucair academy page], Jeff login [Jeff clicks on button that shows us the form to login, Jeff enters '1152713076' into where do we write the user, Jeff enters 'Choucair2021*' into where do we write the password, Jeff clicks on button to comfirm login]], When he search for the course on the choucair academy platform
| strCourse |
| Metodologia Bancolombia | [Jeff search [Jeff clicks on Selecciona la Universidad choucair]]
[Test worker] WARN net.thucydides.core.steps.BaseStepListener - stepStarted: net.thucydides.core.steps.ExecutedStepDescription@315c3b3b
[Test worker] WARN net.thucydides.core.steps.BaseStepListener - stepFinished: current outcome:Search for a automation course:Given than jeff wants to learn automation at the academy Choucair
| strUser | strPassword |
| 1152713076 | Choucair2021* | [Jeff open up [Jeff opens the Choucair academy page], Jeff login [Jeff clicks on button that shows us the form to login, Jeff enters '1152713076' into where do we write the user, Jeff enters 'Choucair2021*' into where do we write the password, Jeff clicks on button to comfirm login]], When he search for the course on the choucair academy platform
| strCourse |
| Metodologia Bancolombia | [Jeff search [Jeff clicks on Selecciona la Universidad choucair, Jeff enters 'Metodologia Bancolombia' into Buscar el curso]]
[Test worker] WARN net.thucydides.core.steps.BaseStepListener - stepStarted: net.thucydides.core.steps.ExecutedStepDescription@369e002b
[Test worker] WARN net.thucydides.core.steps.BaseStepListener - stepFinished: current outcome:Search for a automation course:Given than jeff wants to learn automation at the academy Choucair
| strUser | strPassword |
| 1152713076 | Choucair2021* | [Jeff open up [Jeff opens the Choucair academy page], Jeff login [Jeff clicks on button that shows us the form to login, Jeff enters '1152713076' into where do we write the user, Jeff enters 'Choucair2021*' into where do we write the password, Jeff clicks on button to comfirm login]], When he search for the course on the choucair academy platform
| strCourse |
| Metodologia Bancolombia | [Jeff search [Jeff clicks on Selecciona la Universidad choucair, Jeff enters 'Metodologia Bancolombia' into Buscar el curso, Jeff clicks on Da click para buscar el curso]]
[Test worker] WARN net.thucydides.core.steps.BaseStepListener - stepStarted: net.thucydides.core.steps.ExecutedStepDescription@6e09ecfb
[Test worker] WARN net.thucydides.core.steps.BaseStepListener - stepFinished: current outcome:Search for a automation course:Given than jeff wants to learn automation at the academy Choucair
| strUser | strPassword |
| 1152713076 | Choucair2021* | [Jeff open up [Jeff opens the Choucair academy page], Jeff login [Jeff clicks on button that shows us the form to login, Jeff enters '1152713076' into where do we write the user, Jeff enters 'Choucair2021*' into where do we write the password, Jeff clicks on button to comfirm login]], When he search for the course on the choucair academy platform
| strCourse |
| Metodologia Bancolombia | [Jeff search [Jeff clicks on Selecciona la Universidad choucair, Jeff enters 'Metodologia Bancolombia' into Buscar el curso, Jeff clicks on Da click para buscar el curso, Jeff clicks on Da click para ingresar al curso]]
[Test worker] WARN net.thucydides.core.steps.BaseStepListener - stepFinished: current outcome:Search for a automation course:Given than jeff wants to learn automation at the academy Choucair
| strUser | strPassword |
| 1152713076 | Choucair2021* | [Jeff open up [Jeff opens the Choucair academy page], Jeff login [Jeff clicks on button that shows us the form to login, Jeff enters '1152713076' into where do we write the user, Jeff enters 'Choucair2021*' into where do we write the password, Jeff clicks on button to comfirm login]], When he search for the course on the choucair academy platform
| strCourse |
| Metodologia Bancolombia | [Jeff search [Jeff clicks on Selecciona la Universidad choucair, Jeff enters 'Metodologia Bancolombia' into Buscar el curso, Jeff clicks on Da click para buscar el curso, Jeff clicks on Da click para ingresar al curso]]
[Test worker] WARN net.thucydides.core.steps.BaseStepListener - stepFinished: current outcome:Search for a automation course:Given than jeff wants to learn automation at the academy Choucair
| strUser | strPassword |
| 1152713076 | Choucair2021* | [Jeff open up [Jeff opens the Choucair academy page], Jeff login [Jeff clicks on button that shows us the form to login, Jeff enters '1152713076' into where do we write the user, Jeff enters 'Choucair2021*' into where do we write the password, Jeff clicks on button to comfirm login]], When he search for the course on the choucair academy platform
| strCourse |
| Metodologia Bancolombia | [Jeff search [Jeff clicks on Selecciona la Universidad choucair, Jeff enters 'Metodologia Bancolombia' into Buscar el curso, Jeff clicks on Da click para buscar el curso, Jeff clicks on Da click para ingresar al curso]]
[Test worker] WARN net.thucydides.core.steps.BaseStepListener - stepStarted: net.thucydides.core.steps.ExecutedStepDescription@78fdd2a1
[Test worker] WARN net.thucydides.core.steps.BaseStepListener - stepStarted: net.thucydides.core.steps.ExecutedStepDescription@6a73fb75
[Test worker] WARN net.thucydides.core.steps.BaseStepListener - stepFinished: current outcome:Search for a automation course:Given than jeff wants to learn automation at the academy Choucair
| strUser | strPassword |
| 1152713076 | Choucair2021* | [Jeff open up [Jeff opens the Choucair academy page], Jeff login [Jeff clicks on button that shows us the form to login, Jeff enters '1152713076' into where do we write the user, Jeff enters 'Choucair2021*' into where do we write the password, Jeff clicks on button to comfirm login]], When he search for the course on the choucair academy platform
| strCourse |
| Metodologia Bancolombia | [Jeff search [Jeff clicks on Selecciona la Universidad choucair, Jeff enters 'Metodologia Bancolombia' into Buscar el curso, Jeff clicks on Da click para buscar el curso, Jeff clicks on Da click para ingresar al curso]], Then he finds the course called resources Metodología Bancolombia [Then answer]
[Test worker] WARN net.thucydides.core.steps.BaseStepListener - stepFinished: current outcome:Search for a automation course:Given than jeff wants to learn automation at the academy Choucair
| strUser | strPassword |
| 1152713076 | Choucair2021* | [Jeff open up [Jeff opens the Choucair academy page], Jeff login [Jeff clicks on button that shows us the form to login, Jeff enters '1152713076' into where do we write the user, Jeff enters 'Choucair2021*' into where do we write the password, Jeff clicks on button to comfirm login]], When he search for the course on the choucair academy platform
| strCourse |
| Metodologia Bancolombia | [Jeff search [Jeff clicks on Selecciona la Universidad choucair, Jeff enters 'Metodologia Bancolombia' into Buscar el curso, Jeff clicks on Da click para buscar el curso, Jeff clicks on Da click para ingresar al curso]], Then he finds the course called resources Metodología Bancolombia [Then answer]
[Test worker] WARN net.thucydides.core.steps.BaseStepListener - testFinished: Search for a automation course:Given than jeff wants to learn automation at the academy Choucair
| strUser | strPassword |
| 1152713076 | Choucair2021* | [Jeff open up [Jeff opens the Choucair academy page], Jeff login [Jeff clicks on button that shows us the form to login, Jeff enters '1152713076' into where do we write the user, Jeff enters 'Choucair2021*' into where do we write the password, Jeff clicks on button to comfirm login]], When he search for the course on the choucair academy platform
| strCourse |
| Metodologia Bancolombia | [Jeff search [Jeff clicks on Selecciona la Universidad choucair, Jeff enters 'Metodologia Bancolombia' into Buscar el curso, Jeff clicks on Da click para buscar el curso, Jeff clicks on Da click para ingresar al curso]], Then he finds the course called resources Metodología Bancolombia [Then answer]
[Test worker] WARN net.thucydides.core.steps.BaseStepListener - TestOutcomes: [Search for a automation course:Given than jeff wants to learn automation at the academy Choucair
| strUser | strPassword |
| 1152713076 | Choucair2021* | [Jeff open up [Jeff opens the Choucair academy page], Jeff login [Jeff clicks on button that shows us the form to login, Jeff enters '1152713076' into where do we write the user, Jeff enters 'Choucair2021*' into where do we write the password, Jeff clicks on button to comfirm login]], When he search for the course on the choucair academy platform
| strCourse |
| Metodologia Bancolombia | [Jeff search [Jeff clicks on Selecciona la Universidad choucair, Jeff enters 'Metodologia Bancolombia' into Buscar el curso, Jeff clicks on Da click para buscar el curso, Jeff clicks on Da click para ingresar al curso]], Then he finds the course called resources Metodología Bancolombia [Then answer]]
[Test worker] WARN net.thucydides.core.steps.BaseStepListener - Final testOutcomes: [Search for a automation course:Given than jeff wants to learn automation at the academy Choucair
| strUser | strPassword |
| 1152713076 | Choucair2021* | [Jeff open up [Jeff opens the Choucair academy page], Jeff login [Jeff clicks on button that shows us the form to login, Jeff enters '1152713076' into where do we write the user, Jeff enters 'Choucair2021*' into where do we write the password, Jeff clicks on button to comfirm login]], When he search for the course on the choucair academy platform
| strCourse |
| Metodologia Bancolombia | [Jeff search [Jeff clicks on Selecciona la Universidad choucair, Jeff enters 'Metodologia Bancolombia' into Buscar el curso, Jeff clicks on Da click para buscar el curso, Jeff clicks on Da click para ingresar al curso]], Then he finds the course called resources Metodología Bancolombia [Then answer]]
[Test worker] INFO net.thucydides.core.steps.ConsoleLoggingListener - 
        __    _____ _____ ____ _____   ____   _    ____  ____  _____ ____  
  _     \ \  |_   _| ____/ ___|_   _| |  _ \ / \  / ___|/ ___|| ____|  _ \ 
 (_)_____| |   | | |  _| \___ \ | |   | |_) / _ \ \___ \\___ \|  _| | | | |
  _|_____| |   | | | |___ ___) || |   |  __/ ___ \ ___) |___) | |___| |_| |
 (_)     | |   |_| |_____|____/ |_|   |_| /_/   \_\____/|____/|_____|____/ 
        /_/                                                                

TEST PASSED: Search for a automation course
----------------------------------------------------------------------------
]]></system-err>
</testsuite>
